<?xml version="1.0" encoding="UTF-8"?>
<!-- Generated by org.testng.reporters.JUnitXMLReporter -->
<testsuite ignored="3" hostname="Annam" failures="0" tests="3" name="Default test" time="0.106" errors="0" timestamp="2024-10-01T21:12:37 IST">
  <testcase classname="com.Utility.BaseClass" name="@BeforeTest browserLaunch" time="-1.727797357615E9">
    <failure type="org.testng.TestNGException" message="
Parameter &amp;apos;Browser&amp;apos; is required by BeforeTest on method browserLaunch but has not been marked @Optional or defined
in C:\Users\sures\AppData\Local\Temp\testng-eclipse-2055686941\testng-customsuite.xml">
      <![CDATA[org.testng.TestNGException: 
Parameter 'Browser' is required by BeforeTest on method browserLaunch but has not been marked @Optional or defined
in C:\Users\sures\AppData\Local\Temp\testng-eclipse-2055686941\testng-customsuite.xml
at org.testng.internal.Parameters.createParams(Parameters.java:264)
at org.testng.internal.Parameters.createParametersForMethod(Parameters.java:352)
at org.testng.internal.Parameters.createParameters(Parameters.java:690)
at org.testng.internal.Parameters.createConfigurationParameters(Parameters.java:163)
at org.testng.internal.invokers.ConfigInvoker.invokeConfigurations(ConfigInvoker.java:313)
at org.testng.TestRunner.invokeTestConfigurations(TestRunner.java:655)
at org.testng.TestRunner.beforeRun(TestRunner.java:644)
at org.testng.TestRunner.run(TestRunner.java:610)
at org.testng.SuiteRunner.runTest(SuiteRunner.java:421)
at org.testng.SuiteRunner.runSequentially(SuiteRunner.java:413)
at org.testng.SuiteRunner.privateRun(SuiteRunner.java:373)
at org.testng.SuiteRunner.run(SuiteRunner.java:312)
at org.testng.SuiteRunnerWorker.runSuite(SuiteRunnerWorker.java:52)
at org.testng.SuiteRunnerWorker.run(SuiteRunnerWorker.java:95)
at org.testng.TestNG.runSuitesSequentially(TestNG.java:1274)
at org.testng.TestNG.runSuitesLocally(TestNG.java:1208)
at org.testng.TestNG.runSuites(TestNG.java:1112)
at org.testng.TestNG.run(TestNG.java:1079)
at org.testng.remote.AbstractRemoteTestNG.run(AbstractRemoteTestNG.java:115)
at org.testng.remote.RemoteTestNG.initAndRun(RemoteTestNG.java:293)
at org.testng.remote.RemoteTestNG.main(RemoteTestNG.java:91)
]]>
    </failure>
  </testcase> <!-- @BeforeTest browserLaunch -->
  <testcase classname="com.Utility.BaseClass" name="@AfterMethod FiledScreenshot" time="0.0">
    <skipped/>
  </testcase> <!-- @AfterMethod FiledScreenshot -->
  <testcase classname="com.Utility.BaseClass" name="@AfterMethod FiledScreenshot" time="0.0">
    <skipped/>
  </testcase> <!-- @AfterMethod FiledScreenshot -->
  <testcase classname="com.Utility.BaseClass" name="@AfterMethod FiledScreenshot" time="0.0">
    <skipped/>
  </testcase> <!-- @AfterMethod FiledScreenshot -->
  <testcase classname="com.test.VerifyLoginPage" name="VerifyLoginPage" time="0.0">
    <skipped/>
  </testcase> <!-- VerifyLoginPage -->
  <testcase classname="com.test.VerifyLoginPage" name="test2" time="0.001">
    <skipped/>
  </testcase> <!-- test2 -->
  <testcase classname="com.test.VerifyLoginPage" name="test3" time="0.0">
    <skipped/>
  </testcase> <!-- test3 -->
  <testcase classname="com.Utility.BaseClass" name="@BeforeTest browserLaunch" time="0.0">
    <ignored/>
  </testcase> <!-- @BeforeTest browserLaunch -->
  <testcase classname="com.Utility.BaseClass" name="@BeforeTest browserLaunch" time="0.0">
    <ignored/>
  </testcase> <!-- @BeforeTest browserLaunch -->
  <testcase classname="com.Utility.BaseClass" name="@BeforeTest browserLaunch" time="0.0">
    <ignored/>
  </testcase> <!-- @BeforeTest browserLaunch -->
</testsuite> <!-- Default test -->
